2025-05-07 16:07:02.705 | INFO     | __main__:main:68 - Инициализация модели суммаризации...
2025-05-07 16:07:02.705 | INFO     | __main__:load_model:22 - Загрузка модели rut5-base-sum...
2025-05-07 16:10:42.571 | INFO     | __main__:load_model:26 - Модель успешно загружена
2025-05-07 16:10:42.577 | INFO     | __main__:main:85 - Подключено к Kafka
2025-05-07 16:10:42.577 | INFO     | __main__:main:92 - Начало обработки сообщений
2025-05-07 16:10:46.547 | INFO     | __main__:main:99 - Получено сообщение: ID=d3dc607b-0e8e-44bf-9f11-d0c1414389b1, длина текста=250
2025-05-07 16:10:48.799 | INFO     | __main__:main:107 - Суммаризация завершена: ID=d3dc607b-0e8e-44bf-9f11-d0c1414389b1
2025-05-07 16:10:48.799 | INFO     | __main__:main:99 - Получено сообщение: ID=9b9b2ca2-37b9-46a3-83e4-b43ff4f0bf08, длина текста=250
2025-05-07 16:10:51.080 | INFO     | __main__:main:107 - Суммаризация завершена: ID=9b9b2ca2-37b9-46a3-83e4-b43ff4f0bf08
2025-05-07 16:21:50.894 | INFO     | __main__:main:99 - Получено сообщение: ID=7275173f-8ef2-45a1-861c-5f3edfa252d7, длина текста=3031
2025-05-07 16:21:57.350 | INFO     | __main__:main:107 - Суммаризация завершена: ID=7275173f-8ef2-45a1-861c-5f3edfa252d7
2025-05-07 21:54:53.091 | INFO     | __main__:main:55 - Инициализация модели суммаризации...
2025-05-07 21:54:53.091 | INFO     | __main__:load_model:19 - Загрузка модели rut5-base-sum...
2025-05-07 21:54:56.309 | INFO     | __main__:load_model:23 - Модель успешно загружена
2025-05-07 21:54:56.314 | INFO     | __main__:main:70 - Подключено к Kafka
2025-05-07 21:54:56.314 | INFO     | __main__:main:76 - Начало обработки сообщений
2025-05-07 22:00:08.269 | INFO     | __main__:main:82 - Получено сообщение: ID=9534ab35-d8c8-4866-891a-17f0bf2ab380, длина текста=2420
2025-05-07 22:00:12.112 | INFO     | __main__:main:87 - Суммаризация завершена: ID=9534ab35-d8c8-4866-891a-17f0bf2ab380
2025-05-07 22:00:42.159 | INFO     | __main__:main:82 - Получено сообщение: ID=675c129c-5b88-476c-b82d-3360c02662dc, длина текста=3031
2025-05-07 22:00:48.325 | INFO     | __main__:main:87 - Суммаризация завершена: ID=675c129c-5b88-476c-b82d-3360c02662dc
2025-05-07 22:09:06.046 | INFO     | __main__:main:55 - Инициализация модели суммаризации...
2025-05-07 22:09:06.046 | INFO     | __main__:load_model:19 - Загрузка модели rut5-base-sum...
2025-05-07 22:09:08.904 | INFO     | __main__:load_model:23 - Модель успешно загружена
2025-05-07 22:09:08.910 | INFO     | __main__:main:70 - Подключено к Kafka
2025-05-07 22:09:08.910 | INFO     | __main__:main:76 - Начало обработки сообщений
2025-05-07 22:37:15.156 | INFO     | __main__:main:82 - Получено сообщение: ID=47a6a0a3-e958-464a-be51-fea8776f1d3e, длина текста=7
2025-05-07 22:37:18.166 | INFO     | __main__:main:87 - Суммаризация завершена: ID=47a6a0a3-e958-464a-be51-fea8776f1d3e
2025-05-07 22:38:43.134 | INFO     | __main__:main:82 - Получено сообщение: ID=c76c0897-4734-4fc3-ad0e-1153428203b9, длина текста=3029
2025-05-07 22:38:47.957 | INFO     | __main__:main:87 - Суммаризация завершена: ID=c76c0897-4734-4fc3-ad0e-1153428203b9
2025-05-07 22:38:59.979 | INFO     | __main__:main:82 - Получено сообщение: ID=60f563d4-ff5f-4b1c-b553-6958eba95798, длина текста=2420
2025-05-07 22:39:04.129 | INFO     | __main__:main:87 - Суммаризация завершена: ID=60f563d4-ff5f-4b1c-b553-6958eba95798
2025-05-07 22:39:12.322 | INFO     | __main__:main:82 - Получено сообщение: ID=61e3ef5f-b96c-45d7-a89f-ace23a2792e1, длина текста=2420
2025-05-07 22:39:16.070 | INFO     | __main__:main:87 - Суммаризация завершена: ID=61e3ef5f-b96c-45d7-a89f-ace23a2792e1
2025-05-07 22:40:20.180 | INFO     | __main__:main:82 - Получено сообщение: ID=73199485-7f12-4236-8e1b-0d935d011366, длина текста=3030
2025-05-07 22:40:25.034 | INFO     | __main__:main:87 - Суммаризация завершена: ID=73199485-7f12-4236-8e1b-0d935d011366
2025-05-08 21:53:48.650 | INFO     | __main__:main:97 - Инициализация моделей...
2025-05-08 21:53:48.650 | INFO     | __main__:load_model:19 - Загрузка модели rut5-base-sum...
2025-05-08 21:53:51.372 | INFO     | __main__:load_model:23 - Модель успешно загружена
2025-05-08 21:53:51.372 | INFO     | __main__:load_qa_model:32 - Загрузка модели для ответов на вопросы...
2025-05-08 22:02:10.949 | INFO     | __main__:load_qa_model:36 - Модель для ответов на вопросы успешно загружена
2025-05-08 22:02:10.953 | INFO     | __main__:main:113 - Подключено к Kafka
2025-05-08 22:02:10.953 | INFO     | __main__:main:119 - Начало обработки сообщений
2025-05-08 22:02:14.394 | INFO     | __main__:main:127 - Получено сообщение для суммаризации: ID=0810dcc7-965e-4c60-a1d4-f42f1da21f2f, длина текста=0
2025-05-08 22:02:17.908 | INFO     | __main__:main:132 - Суммаризация завершена: ID=0810dcc7-965e-4c60-a1d4-f42f1da21f2f
2025-05-08 22:02:17.908 | INFO     | __main__:main:127 - Получено сообщение для суммаризации: ID=266bf649-2eae-488b-9f5c-9d3edb0dea78, длина текста=3030
2025-05-08 22:02:23.846 | INFO     | __main__:main:132 - Суммаризация завершена: ID=266bf649-2eae-488b-9f5c-9d3edb0dea78
2025-05-08 22:03:08.064 | INFO     | __main__:main:127 - Получено сообщение для суммаризации: ID=1bc96960-a377-4f3c-8c45-dc3d8b826bbd, длина текста=3030
2025-05-08 22:03:12.932 | INFO     | __main__:main:132 - Суммаризация завершена: ID=1bc96960-a377-4f3c-8c45-dc3d8b826bbd
2025-05-08 22:03:29.999 | INFO     | __main__:main:138 - Получен вопрос: ID=44aa0270-262b-4e0e-afff-cfc4ddee44ea, вопрос=Кто такой Олег Котов?, длина контекста=3030
2025-05-08 22:03:30.322 | INFO     | __main__:main:143 - Ответ на вопрос подготовлен: ID=44aa0270-262b-4e0e-afff-cfc4ddee44ea
2025-05-08 22:06:26.563 | INFO     | __main__:main:124 - Инициализация моделей...
2025-05-08 22:06:26.563 | INFO     | __main__:load_model:19 - Загрузка модели rut5-base-sum...
2025-05-08 22:06:28.545 | INFO     | __main__:load_model:23 - Модель успешно загружена
2025-05-08 22:06:28.545 | INFO     | __main__:load_qa_model:32 - Загрузка модели для ответов на вопросы...
2025-05-08 22:06:29.047 | INFO     | __main__:load_qa_model:36 - Модель для ответов на вопросы успешно загружена
2025-05-08 22:06:29.051 | INFO     | __main__:main:140 - Подключено к Kafka
2025-05-08 22:06:29.051 | INFO     | __main__:main:146 - Начало обработки сообщений
2025-05-08 22:07:42.452 | INFO     | __main__:main:154 - Получено сообщение для суммаризации: ID=106ed023-94ad-4bc6-9fe5-d0effbd441f5, длина текста=3030
2025-05-08 22:07:47.775 | INFO     | __main__:main:159 - Суммаризация завершена: ID=106ed023-94ad-4bc6-9fe5-d0effbd441f5
2025-05-08 22:08:08.294 | INFO     | __main__:main:165 - Получен вопрос: ID=f3bc78fa-41da-4e03-af17-dd0fb48bc36c, вопрос=Кто такой Олег Котов?, длина контекста=3030
2025-05-08 22:08:08.369 | INFO     | __main__:main:170 - Ответ на вопрос подготовлен: ID=f3bc78fa-41da-4e03-af17-dd0fb48bc36c
2025-05-08 22:11:34.892 | INFO     | __main__:main:165 - Получен вопрос: ID=0dc87e06-c97a-47f1-9460-32e69fe4f6e7, вопрос=Сколько экспериментов провели космонавты?, длина контекста=3030
2025-05-08 22:11:34.980 | INFO     | __main__:main:170 - Ответ на вопрос подготовлен: ID=0dc87e06-c97a-47f1-9460-32e69fe4f6e7
2025-05-08 22:35:26.029 | INFO     | __main__:main:131 - Инициализация моделей...
2025-05-08 22:35:26.029 | INFO     | __main__:load_model:19 - Загрузка модели rut5-base-sum...
2025-05-08 22:35:28.154 | INFO     | __main__:load_model:23 - Модель успешно загружена
2025-05-08 22:35:28.155 | INFO     | __main__:load_qa_model:32 - Загрузка модели для ответов на вопросы...
2025-05-08 22:36:03.893 | INFO     | __main__:main:131 - Инициализация моделей...
2025-05-08 22:36:03.893 | INFO     | __main__:load_model:19 - Загрузка модели rut5-base-sum...
2025-05-08 22:36:05.768 | INFO     | __main__:load_model:23 - Модель успешно загружена
2025-05-08 22:36:05.768 | INFO     | __main__:load_qa_model:32 - Загрузка модели для ответов на вопросы...
2025-05-08 22:36:30.380 | INFO     | __main__:load_qa_model:36 - Модель для ответов на вопросы успешно загружена
2025-05-08 22:36:30.384 | INFO     | __main__:main:147 - Подключено к Kafka
2025-05-08 22:36:30.384 | INFO     | __main__:main:153 - Начало обработки сообщений
2025-05-08 22:37:27.109 | INFO     | __main__:main:172 - Получен вопрос: ID=6ac74a92-671a-4e23-a6c1-85e7953a6e3c, вопрос=Сколько экспериментов провели космонавты?, длина контекста=3030
2025-05-08 22:37:27.183 | ERROR    | __main__:answer_question:126 - Ошибка при ответе на вопрос: name 'np' is not defined
2025-05-08 22:37:27.184 | INFO     | __main__:main:177 - Ответ на вопрос подготовлен: ID=6ac74a92-671a-4e23-a6c1-85e7953a6e3c
2025-05-08 22:39:29.710 | INFO     | __main__:main:115 - Инициализация моделей...
2025-05-08 22:39:29.710 | INFO     | __main__:load_model:20 - Загрузка модели rut5-base-sum...
2025-05-08 22:39:31.199 | INFO     | __main__:load_model:24 - Модель успешно загружена
2025-05-08 22:39:31.199 | INFO     | __main__:load_qa_model:33 - Загрузка модели для ответов на вопросы...
2025-05-08 22:39:32.155 | INFO     | __main__:load_qa_model:37 - Модель для ответов на вопросы успешно загружена
2025-05-08 22:39:32.158 | INFO     | __main__:main:131 - Подключено к Kafka
2025-05-08 22:39:32.158 | INFO     | __main__:main:137 - Начало обработки сообщений
2025-05-08 22:42:55.073 | INFO     | __main__:main:156 - Получен вопрос: ID=bb97bbeb-644e-4f2d-b23e-54bb92349a3f, вопрос=Сколько экспериментов провели космонавты?, длина контекста=3030
2025-05-08 22:42:55.140 | INFO     | __main__:main:161 - Ответ на вопрос подготовлен: ID=bb97bbeb-644e-4f2d-b23e-54bb92349a3f
2025-05-08 22:44:01.918 | INFO     | __main__:main:145 - Получено сообщение для суммаризации: ID=76dcbfe2-6fbf-432f-9305-710f8e10309d, длина текста=2420
2025-05-08 22:44:05.315 | INFO     | __main__:main:150 - Суммаризация завершена: ID=76dcbfe2-6fbf-432f-9305-710f8e10309d
2025-05-08 22:48:45.949 | INFO     | __main__:main:156 - Получен вопрос: ID=5b9c0c02-5d9a-409a-9676-79300ad41b8c, вопрос=Кто такой Игорь?, длина контекста=2420
2025-05-08 22:48:46.031 | INFO     | __main__:main:161 - Ответ на вопрос подготовлен: ID=5b9c0c02-5d9a-409a-9676-79300ad41b8c
2025-05-08 22:48:57.941 | INFO     | __main__:main:156 - Получен вопрос: ID=a4bb8c49-5b75-465a-a7bd-70f2fc93bf26, вопрос=Что ещё подскажешь?, длина контекста=2420
2025-05-08 22:48:58.014 | INFO     | __main__:main:161 - Ответ на вопрос подготовлен: ID=a4bb8c49-5b75-465a-a7bd-70f2fc93bf26
2025-05-08 23:04:41.675 | INFO     | __main__:main:115 - Инициализация моделей...
2025-05-08 23:04:41.675 | INFO     | __main__:load_model:20 - Загрузка модели rut5-base-sum...
2025-05-08 23:04:43.892 | INFO     | __main__:load_model:24 - Модель успешно загружена
2025-05-08 23:04:43.892 | INFO     | __main__:load_qa_model:33 - Загрузка модели для ответов на вопросы...
2025-05-08 23:04:44.109 | ERROR    | __main__:load_qa_model:40 - Ошибка при загрузке модели для ответов на вопросы: DeepPavlov/rubert-base-squad-v2 is not a local folder and is not a valid model identifier listed on 'https://huggingface.co/models'
If this is a private repository, make sure to pass a token having permission to this repo either by logging in with `huggingface-cli login` or by passing `token=<your_token>`
2025-05-08 23:04:44.114 | INFO     | __main__:main:131 - Подключено к Kafka
2025-05-08 23:04:44.114 | INFO     | __main__:main:137 - Начало обработки сообщений
2025-05-08 23:07:51.535 | INFO     | __main__:main:115 - Инициализация моделей...
2025-05-08 23:07:51.535 | INFO     | __main__:load_model:20 - Загрузка модели rut5-base-sum...
2025-05-08 23:07:54.087 | INFO     | __main__:load_model:24 - Модель успешно загружена
2025-05-08 23:07:54.087 | INFO     | __main__:load_qa_model:33 - Загрузка модели для ответов на вопросы...
2025-05-08 23:08:12.488 | INFO     | __main__:main:115 - Инициализация моделей...
2025-05-08 23:08:12.488 | INFO     | __main__:load_model:20 - Загрузка модели rut5-base-sum...
2025-05-08 23:08:14.081 | INFO     | __main__:load_model:24 - Модель успешно загружена
2025-05-08 23:08:14.081 | INFO     | __main__:load_qa_model:33 - Загрузка модели для ответов на вопросы...
2025-05-08 23:08:41.280 | INFO     | __main__:load_qa_model:37 - Модель для ответов на вопросы успешно загружена
2025-05-08 23:08:41.283 | INFO     | __main__:main:131 - Подключено к Kafka
2025-05-08 23:08:41.283 | INFO     | __main__:main:137 - Начало обработки сообщений
2025-05-08 23:09:38.719 | INFO     | __main__:main:145 - Получено сообщение для суммаризации: ID=fae38eba-2afd-4aa2-8525-590e0862f16b, длина текста=3030
2025-05-08 23:09:43.606 | INFO     | __main__:main:150 - Суммаризация завершена: ID=fae38eba-2afd-4aa2-8525-590e0862f16b
2025-05-08 23:10:05.144 | INFO     | __main__:main:156 - Получен вопрос: ID=6bfb7c3e-f9a5-4113-94c0-821a4939c798, вопрос=Какой японский астронавт был на МКС, длина контекста=3030
2025-05-08 23:10:05.210 | INFO     | __main__:main:161 - Ответ на вопрос подготовлен: ID=6bfb7c3e-f9a5-4113-94c0-821a4939c798
2025-05-08 23:10:19.620 | INFO     | __main__:main:156 - Получен вопрос: ID=78a83afd-88a3-407d-a087-2d00d3305c4e, вопрос=Кто такой Олег Котов?, длина контекста=3030
2025-05-08 23:10:19.687 | INFO     | __main__:main:161 - Ответ на вопрос подготовлен: ID=78a83afd-88a3-407d-a087-2d00d3305c4e
2025-05-08 23:16:24.001 | INFO     | __main__:main:178 - Инициализация моделей...
2025-05-08 23:16:24.001 | INFO     | __main__:load_model:20 - Загрузка модели rut5-base-sum...
2025-05-08 23:16:26.427 | INFO     | __main__:load_model:24 - Модель успешно загружена
2025-05-08 23:16:26.427 | INFO     | __main__:load_qa_model:33 - Загрузка модели для ответов на вопросы...
2025-05-08 23:16:27.653 | INFO     | __main__:load_qa_model:37 - Модель для ответов на вопросы успешно загружена
2025-05-08 23:16:27.659 | INFO     | __main__:main:194 - Подключено к Kafka
2025-05-08 23:16:27.659 | INFO     | __main__:main:200 - Начало обработки сообщений
2025-05-08 23:16:40.873 | INFO     | __main__:main:208 - Получено сообщение для суммаризации: ID=65c8c6fd-8b8a-4aa0-920d-2c31bd643d10, длина текста=3030
2025-05-08 23:16:45.514 | INFO     | __main__:main:213 - Суммаризация завершена: ID=65c8c6fd-8b8a-4aa0-920d-2c31bd643d10
2025-05-08 23:17:06.224 | INFO     | __main__:main:221 - Получен вопрос: ID=94bd0b12-1365-4bc0-881f-6ebbdcb5de44, вопрос=О каком Олеге Котове говорится в нашем файле?, длина контекста=3030
2025-05-08 23:17:06.339 | INFO     | __main__:main:226 - Ответ на вопрос подготовлен: ID=94bd0b12-1365-4bc0-881f-6ebbdcb5de44
2025-05-08 23:17:17.865 | INFO     | __main__:main:221 - Получен вопрос: ID=e3b61b02-e96e-425c-8164-a498825817af, вопрос=Кто такой Олег Котов?, длина контекста=3030
2025-05-08 23:17:17.963 | INFO     | __main__:main:226 - Ответ на вопрос подготовлен: ID=e3b61b02-e96e-425c-8164-a498825817af
2025-05-08 23:17:28.264 | INFO     | __main__:main:221 - Получен вопрос: ID=08b7e42d-4933-4e65-9f6c-0c8855ffc489, вопрос=Что такое экспедиция?, длина контекста=3030
2025-05-08 23:17:28.355 | INFO     | __main__:main:226 - Ответ на вопрос подготовлен: ID=08b7e42d-4933-4e65-9f6c-0c8855ffc489
2025-05-09 12:51:23.196 | INFO     | __main__:main:196 - Инициализация моделей...
2025-05-09 12:51:23.196 | INFO     | __main__:load_model:22 - Загрузка модели rut5-base-sum...
2025-05-09 12:51:25.938 | INFO     | __main__:load_model:26 - Модель успешно загружена
2025-05-09 12:51:25.938 | INFO     | __main__:load_qa_model:35 - Загрузка модели для ответов на вопросы...
2025-05-09 12:52:22.852 | INFO     | __main__:main:196 - Инициализация моделей...
2025-05-09 12:52:22.853 | INFO     | __main__:load_model:22 - Загрузка модели rut5-base-sum...
2025-05-09 12:52:24.308 | INFO     | __main__:load_model:26 - Модель успешно загружена
2025-05-09 12:52:24.308 | INFO     | __main__:load_qa_model:35 - Загрузка модели для ответов на вопросы...
2025-05-09 12:52:29.067 | INFO     | __main__:load_qa_model:39 - Модель для ответов на вопросы успешно загружена
2025-05-09 12:52:29.067 | INFO     | __main__:load_translation_models:48 - Загрузка моделей для перевода...
2025-05-09 12:53:06.326 | INFO     | __main__:load_translation_models:60 - Модели для перевода успешно загружены
2025-05-09 12:53:06.330 | INFO     | __main__:main:213 - Подключено к Kafka
2025-05-09 12:53:06.330 | INFO     | __main__:main:219 - Начало обработки сообщений
2025-05-09 12:53:53.425 | INFO     | __main__:main:227 - Получено сообщение для суммаризации: ID=1beb4c35-6ab4-4e98-bfdf-ada189173fb0, длина текста=3030
2025-05-09 12:53:57.861 | INFO     | __main__:main:232 - Суммаризация завершена: ID=1beb4c35-6ab4-4e98-bfdf-ada189173fb0
2025-05-09 12:54:19.109 | INFO     | __main__:main:240 - Получен вопрос: ID=e67c5364-bf89-49d1-bfc1-c9a402422804, вопрос=Кто такой Олег Котов в нашем тексте?, длина контекста=3030
2025-05-09 12:54:19.110 | INFO     | __main__:answer_question:145 - Перевод вопроса на английский: Кто такой Олег Котов в нашем тексте?
2025-05-09 12:54:19.322 | INFO     | __main__:answer_question:147 - Переведенный вопрос: Who's Oleg Kotov in our text?
2025-05-09 12:54:19.322 | INFO     | __main__:answer_question:152 - Перевод контекста на английский (первые 1000 символов)
2025-05-09 12:54:22.411 | INFO     | __main__:answer_question:154 - Контекст переведен на английский (длина: 775)
2025-05-09 12:54:22.496 | INFO     | __main__:answer_question:172 - Получен ответ на английском: Russian
2025-05-09 12:54:22.569 | INFO     | __main__:answer_question:180 - Ответ переведен на русский: Русский
2025-05-09 12:54:22.569 | INFO     | __main__:main:245 - Ответ на вопрос подготовлен: ID=e67c5364-bf89-49d1-bfc1-c9a402422804
2025-05-09 12:54:38.072 | INFO     | __main__:main:240 - Получен вопрос: ID=1d942b91-1072-4e46-97c6-ffb8e79d3098, вопрос=Кто по профессии Олег Котов?, длина контекста=3030
2025-05-09 12:54:38.072 | INFO     | __main__:answer_question:145 - Перевод вопроса на английский: Кто по профессии Олег Котов?
2025-05-09 12:54:38.288 | INFO     | __main__:answer_question:147 - Переведенный вопрос: Who is Oleg Kotov's profession?
2025-05-09 12:54:38.288 | INFO     | __main__:answer_question:152 - Перевод контекста на английский (первые 1000 символов)
2025-05-09 12:54:41.348 | INFO     | __main__:answer_question:154 - Контекст переведен на английский (длина: 775)
2025-05-09 12:54:41.425 | INFO     | __main__:answer_question:172 - Получен ответ на английском: cosmonaut
2025-05-09 12:54:41.512 | INFO     | __main__:answer_question:180 - Ответ переведен на русский: космонавт
2025-05-09 12:54:41.512 | INFO     | __main__:main:245 - Ответ на вопрос подготовлен: ID=1d942b91-1072-4e46-97c6-ffb8e79d3098
2025-05-09 12:55:15.258 | INFO     | __main__:main:240 - Получен вопрос: ID=1da70281-fea2-41b0-904e-a51452442d00, вопрос=Где наблюдали из космоса нефтяное пятно?, длина контекста=3030
2025-05-09 12:55:15.259 | INFO     | __main__:answer_question:145 - Перевод вопроса на английский: Где наблюдали из космоса нефтяное пятно?
2025-05-09 12:55:15.465 | INFO     | __main__:answer_question:147 - Переведенный вопрос: Where did you see the oil stain from space?
2025-05-09 12:55:15.465 | INFO     | __main__:answer_question:152 - Перевод контекста на английский (первые 1000 символов)
2025-05-09 12:55:18.684 | INFO     | __main__:answer_question:154 - Контекст переведен на английский (длина: 775)
2025-05-09 12:55:18.776 | INFO     | __main__:answer_question:172 - Получен ответ на английском: jazzakagana
2025-05-09 12:55:18.888 | INFO     | __main__:answer_question:180 - Ответ переведен на русский: Джаззакагана
2025-05-09 12:55:18.888 | INFO     | __main__:main:245 - Ответ на вопрос подготовлен: ID=1da70281-fea2-41b0-904e-a51452442d00
2025-05-09 12:56:17.333 | INFO     | __main__:main:240 - Получен вопрос: ID=bdfb6f07-bd12-4570-b665-8c4fdad27224, вопрос=Кто такое Соичи Ногучи?, длина контекста=3030
2025-05-09 12:56:17.334 | INFO     | __main__:answer_question:145 - Перевод вопроса на английский: Кто такое Соичи Ногучи?
2025-05-09 12:56:17.536 | INFO     | __main__:answer_question:147 - Переведенный вопрос: Who's Soichi Noguchi?
2025-05-09 12:56:17.536 | INFO     | __main__:answer_question:152 - Перевод контекста на английский (первые 1000 символов)
2025-05-09 12:56:20.732 | INFO     | __main__:answer_question:154 - Контекст переведен на английский (длина: 775)
2025-05-09 12:56:20.788 | INFO     | __main__:answer_question:172 - Получен ответ на английском: Japanese
2025-05-09 12:56:20.858 | INFO     | __main__:answer_question:180 - Ответ переведен на русский: Японский
2025-05-09 12:56:20.859 | INFO     | __main__:main:245 - Ответ на вопрос подготовлен: ID=bdfb6f07-bd12-4570-b665-8c4fdad27224
2025-05-09 13:02:12.381 | INFO     | __main__:main:190 - Инициализация моделей...
2025-05-09 13:02:12.381 | INFO     | __main__:load_model:22 - Загрузка модели rut5-base-sum...
2025-05-09 13:02:14.648 | INFO     | __main__:load_model:26 - Модель успешно загружена
2025-05-09 13:02:14.648 | INFO     | __main__:load_qa_model:35 - Загрузка модели для ответов на вопросы...
2025-05-09 13:02:16.230 | INFO     | __main__:load_qa_model:39 - Модель для ответов на вопросы успешно загружена
2025-05-09 13:02:16.230 | INFO     | __main__:load_translation_models:48 - Загрузка моделей для перевода...
2025-05-09 13:02:19.326 | INFO     | __main__:load_translation_models:57 - Модели для перевода успешно загружены
2025-05-09 13:02:19.333 | INFO     | __main__:main:207 - Подключено к Kafka
2025-05-09 13:02:19.333 | INFO     | __main__:main:213 - Начало обработки сообщений
2025-05-09 13:03:13.769 | INFO     | __main__:main:221 - Получено сообщение для суммаризации: ID=4b39b432-c171-4264-bdd0-0c24f28d1598, длина текста=3030
2025-05-09 13:03:17.600 | INFO     | __main__:main:226 - Суммаризация завершена: ID=4b39b432-c171-4264-bdd0-0c24f28d1598
2025-05-09 13:03:39.703 | INFO     | __main__:main:234 - Получен вопрос: ID=6ac7c326-ed1c-456b-ab05-f66b3351f202, вопрос=Кто такой Тимоти Кример?, длина контекста=3030
2025-05-09 13:03:39.703 | INFO     | __main__:answer_question:140 - Перевод вопроса на английский: Кто такой Тимоти Кример?
2025-05-09 13:03:39.881 | INFO     | __main__:answer_question:142 - Переведенный вопрос: Who's Timothy Krimer?
2025-05-09 13:03:39.881 | INFO     | __main__:answer_question:147 - Перевод контекста на английский (первые 3000 символов)
2025-05-09 13:03:48.540 | INFO     | __main__:answer_question:149 - Контекст переведен на английский (длина: 2227)
2025-05-09 13:03:49.156 | INFO     | __main__:answer_question:169 - Получен ответ на английском: Oleg Kotov, japan astronaut soichi noguchi and international astronaut Timothy Krimer . Noguchi is the only crew member
2025-05-09 13:03:49.795 | INFO     | __main__:answer_question:174 - Ответ переведен на русский: Олег Котов, японский астронавт Соити Ногути и международный астронавт Тимоти Кример.
2025-05-09 13:03:49.796 | INFO     | __main__:main:239 - Ответ на вопрос подготовлен: ID=6ac7c326-ed1c-456b-ab05-f66b3351f202
2025-05-09 13:04:24.930 | INFO     | __main__:main:234 - Получен вопрос: ID=074d0472-22c0-47f2-8827-3222359270a5, вопрос=Что наблюдали астронавты из космоса?, длина контекста=3030
2025-05-09 13:04:24.930 | INFO     | __main__:answer_question:140 - Перевод вопроса на английский: Что наблюдали астронавты из космоса?
2025-05-09 13:04:25.073 | INFO     | __main__:answer_question:142 - Переведенный вопрос: What were astronauts watching from space?
2025-05-09 13:04:25.073 | INFO     | __main__:answer_question:147 - Перевод контекста на английский (первые 3000 символов)
2025-05-09 13:04:33.960 | INFO     | __main__:answer_question:149 - Контекст переведен на английский (длина: 2227)
2025-05-09 13:04:34.464 | INFO     | __main__:answer_question:169 - Получен ответ на английском: an oil stain in the Gulf of Mexico that emerged from the Deepwater Horizon accident on 2 June. 195 kms (3 ms)
2025-05-09 13:04:34.929 | INFO     | __main__:answer_question:174 - Ответ переведен на русский: Нефтяное пятно в Мексиканском заливе, возникшее в результате аварии на глубоководных горизонтах 2 июня. 195 км (3 мс)
2025-05-09 13:04:34.930 | INFO     | __main__:main:239 - Ответ на вопрос подготовлен: ID=074d0472-22c0-47f2-8827-3222359270a5
