2025-05-18 14:41:30.474 | INFO     | __main__:main:223 - Инициализация моделей...
2025-05-18 14:41:30.474 | INFO     | __main__:load_model:23 - Загрузка локальной модели для суммаризации...
2025-05-18 14:41:30.717 | INFO     | __main__:load_model:28 - Локальная модель успешно загружена
2025-05-18 14:41:30.718 | INFO     | __main__:load_qa_model:44 - Загрузка локальной модели для ответов на вопросы...
2025-05-18 14:41:30.877 | INFO     | __main__:load_qa_model:49 - Локальная модель для ответов на вопросы успешно загружена
2025-05-18 14:41:30.877 | INFO     | __main__:load_translation_models:65 - Загрузка локальных моделей для перевода...
2025-05-18 14:41:31.325 | INFO     | __main__:load_translation_models:70 - Локальная модель ruen успешно загружена
2025-05-18 14:41:31.788 | INFO     | __main__:load_translation_models:82 - Локальная модель перевода enru успешно загружена
2025-05-18 14:41:31.788 | INFO     | __main__:load_translation_models:90 - Все модели для перевода успешно загружены
2025-05-18 14:41:33.789 | ERROR    | __main__:main:242 - Ошибка подключения к Kafka: NoBrokersAvailable
2025-05-18 14:41:33.789 | INFO     | __main__:main:243 - Повторная попытка через 5 секунд...
2025-05-18 14:41:38.801 | INFO     | __main__:main:240 - Подключено к Kafka
2025-05-18 14:41:38.802 | INFO     | __main__:main:246 - Начало обработки сообщений
2025-05-18 14:42:26.677 | INFO     | __main__:main:254 - Получено сообщение для суммаризации: ID=12f128f8-0f1e-4639-9bec-43406b52ff43, длина текста=3302
2025-05-18 14:42:39.832 | INFO     | __main__:main:259 - Суммаризация завершена: ID=12f128f8-0f1e-4639-9bec-43406b52ff43
2025-05-18 14:43:59.890 | INFO     | __main__:main:267 - Получен вопрос: ID=ffefc7d4-d466-4eec-8f6b-2be2e6c80bac, вопрос=Где были предъявлены обвинения заведующему?, длина контекста=3302
2025-05-18 14:43:59.891 | INFO     | __main__:answer_question:173 - Перевод вопроса на английский: Где были предъявлены обвинения заведующему?
2025-05-18 14:44:00.648 | INFO     | __main__:answer_question:175 - Переведенный вопрос: Where were the directors charged?
2025-05-18 14:44:00.648 | INFO     | __main__:answer_question:180 - Перевод контекста на английский (первые 3000 символов)
2025-05-18 14:44:15.214 | INFO     | __main__:answer_question:182 - Контекст переведен на английский (длина: 2231)
2025-05-18 14:44:16.910 | INFO     | __main__:answer_question:202 - Получен ответ на английском: morayvsk county prosecutor's office of the district of o'fallov is charged with a violation of article 285, paragraph 1 of the Criminal Code of the Russian Federation
2025-05-18 14:44:18.158 | INFO     | __main__:answer_question:207 - Ответ переведен на русский: Мораевской районной прокуратуре О'Фаллова предъявлено обвинение в нарушении пункта 1 статьи 285 Уголовного кодекса Российской Федерации.
2025-05-18 14:44:18.158 | INFO     | __main__:main:272 - Ответ на вопрос подготовлен: ID=ffefc7d4-d466-4eec-8f6b-2be2e6c80bac
2025-05-19 04:43:47.706 | INFO     | __main__:main:223 - Инициализация моделей...
2025-05-19 04:43:47.706 | INFO     | __main__:load_model:23 - Загрузка локальной модели для суммаризации...
2025-05-19 04:43:47.946 | INFO     | __main__:load_model:28 - Локальная модель суммаризации успешно загружена
2025-05-19 04:43:47.946 | INFO     | __main__:load_qa_model:44 - Загрузка локальной модели для ответов на вопросы...
2025-05-19 04:43:48.108 | INFO     | __main__:load_qa_model:49 - Локальная модель для ответов на вопросы успешно загружена
2025-05-19 04:43:48.108 | INFO     | __main__:load_translation_models:65 - Загрузка локальных моделей для перевода...
2025-05-19 04:43:48.543 | INFO     | __main__:load_translation_models:70 - Локальная модель ruen успешно загружена
2025-05-19 04:43:49.004 | INFO     | __main__:load_translation_models:82 - Локальная модель перевода enru успешно загружена
2025-05-19 04:43:49.004 | INFO     | __main__:load_translation_models:90 - Все модели для перевода успешно загружены
2025-05-19 04:43:51.005 | ERROR    | __main__:main:242 - Ошибка подключения к Kafka: NoBrokersAvailable
2025-05-19 04:43:51.005 | INFO     | __main__:main:243 - Повторная попытка через 5 секунд...
2025-05-19 04:43:58.013 | ERROR    | __main__:main:242 - Ошибка подключения к Kafka: NoBrokersAvailable
2025-05-19 04:43:58.014 | INFO     | __main__:main:243 - Повторная попытка через 5 секунд...
2025-05-19 04:44:03.022 | INFO     | __main__:main:240 - Подключено к Kafka
2025-05-19 04:44:03.022 | INFO     | __main__:main:246 - Начало обработки сообщений
2025-05-19 04:45:33.862 | INFO     | __main__:main:254 - Получено сообщение для суммаризации: ID=2a6e5b3a-cbb5-4541-b350-cf12a10fc280, длина текста=3302
2025-05-19 04:45:45.195 | INFO     | __main__:main:259 - Суммаризация завершена: ID=2a6e5b3a-cbb5-4541-b350-cf12a10fc280
2025-05-19 04:46:20.879 | INFO     | __main__:main:267 - Получен вопрос: ID=4f37be2b-111e-4b82-acd1-d48eb63c573c, вопрос=Про какие копии бланков идет речь в тексте?, длина контекста=3302
2025-05-19 04:46:20.880 | INFO     | __main__:answer_question:173 - Перевод вопроса на английский: Про какие копии бланков идет речь в тексте?
2025-05-19 04:46:21.739 | INFO     | __main__:answer_question:175 - Переведенный вопрос: Which copies of the forms are referred to in the text?
2025-05-19 04:46:21.740 | INFO     | __main__:answer_question:180 - Перевод контекста на английский (первые 3000 символов)
2025-05-19 04:46:33.087 | INFO     | __main__:answer_question:182 - Контекст переведен на английский (длина: 2231)
2025-05-19 04:46:34.275 | INFO     | __main__:answer_question:202 - Получен ответ на английском: parallel copies are referred to as “head of the education department of the Morozov district administration of Rostov province,” said one source in the educational circles
2025-05-19 04:46:35.576 | INFO     | __main__:answer_question:207 - Ответ переведен на русский: Параллельные экземпляры называются &quot; руководителем отдела образования Морозовской районной администрации Ростовской области &quot; , - заявил один источник в учебных кругах.
2025-05-19 04:46:35.576 | INFO     | __main__:main:272 - Ответ на вопрос подготовлен: ID=4f37be2b-111e-4b82-acd1-d48eb63c573c
